<?xml version="1.0" encoding="UTF-8"?>
<testng-results ignored="0" total="2" passed="2" failed="0" skipped="0">
  <reporter-output>
  </reporter-output>
  <suite started-at="2020-09-27T09:51:36 AST" name="Default suite" finished-at="2020-09-27T09:51:36 AST" duration-ms="28">
    <groups>
    </groups>
    <test started-at="2020-09-27T09:51:36 AST" name="Default test" finished-at="2020-09-27T09:51:36 AST" duration-ms="28">
      <class name="internettest">
        <test-method signature="test1()[pri:0, instance:internettest@1ebd319f]" started-at="2020-09-27T09:51:36 AST" name="test1" finished-at="2020-09-27T09:51:36 AST" duration-ms="5" status="PASS">
          <reporter-output>
          </reporter-output>
        </test-method> <!-- test1 -->
        <test-method signature="test2()[pri:0, instance:internettest@1ebd319f]" started-at="2020-09-27T09:51:36 AST" name="test2" finished-at="2020-09-27T09:51:36 AST" duration-ms="1" status="PASS">
          <reporter-output>
          </reporter-output>
        </test-method> <!-- test2 -->
      </class> <!-- internettest -->
    </test> <!-- Default test -->
  </suite> <!-- Default suite -->
</testng-results>
